<?xml version="1.0" encoding="UTF-8"?>
<!-- Generated by org.testng.reporters.JUnitReportReporter -->
<testsuite hostname="IET22" name="training.demo.test.SeleniumTest" tests="1" failures="0" timestamp="31 May 2019 07:33:38 GMT" time="13.558" errors="0">
  <testcase name="Test1" time="13.558" classname="training.demo.test.SeleniumTest"/>
</testsuite> <!-- training.demo.test.SeleniumTest -->
